[{"stream_name":"stderr","time":8.691250707,"data":"0.00s - Debugger warning: It seems that frozen modules are being used, which may\n"}
,{"stream_name":"stderr","time":8.691353379,"data":"0.00s - make the debugger miss breakpoints. Please pass -Xfrozen_modules=off\n"}
,{"stream_name":"stderr","time":8.691362879,"data":"0.00s - to python to disable frozen modules.\n"}
,{"stream_name":"stderr","time":8.691367407,"data":"0.00s - Note: Debugging will proceed. Set PYDEVD_DISABLE_FILE_VALIDATION=1 to disable this validation.\n"}
,{"stream_name":"stderr","time":9.659556247,"data":"0.00s - Debugger warning: It seems that frozen modules are being used, which may\n"}
,{"stream_name":"stderr","time":9.659606244999999,"data":"0.00s - make the debugger miss breakpoints. Please pass -Xfrozen_modules=off\n"}
,{"stream_name":"stderr","time":9.659613524,"data":"0.00s - to python to disable frozen modules.\n"}
,{"stream_name":"stderr","time":9.659617935,"data":"0.00s - Note: Debugging will proceed. Set PYDEVD_DISABLE_FILE_VALIDATION=1 to disable this validation.\n"}
,{"stream_name":"stderr","time":15.741445792,"data":"2025-09-15 10:55:28.524642: E external/local_xla/xla/stream_executor/cuda/cuda_fft.cc:477] Unable to register cuFFT factory: Attempting to register factory for plugin cuFFT when one has already been registered\n"}
,{"stream_name":"stderr","time":15.741690737999999,"data":"WARNING: All log messages before absl::InitializeLog() is called are written to STDERR\n"}
,{"stream_name":"stderr","time":15.741720969,"data":"E0000 00:00:1757933728.760192      13 cuda_dnn.cc:8310] Unable to register cuDNN factory: Attempting to register factory for plugin cuDNN when one has already been registered\n"}
,{"stream_name":"stderr","time":15.741727942,"data":"E0000 00:00:1757933728.824432      13 cuda_blas.cc:1418] Unable to register cuBLAS factory: Attempting to register factory for plugin cuBLAS when one has already been registered\n"}
,{"stream_name":"stderr","time":15.945841396,"data":"2025-09-15 10:55:28.524642: E external/local_xla/xla/stream_executor/cuda/cuda_fft.cc:477] Unable to register cuFFT factory: Attempting to register factory for plugin cuFFT when one has already been registered\n"}
,{"stream_name":"stderr","time":15.945886456,"data":"WARNING: All log messages before absl::InitializeLog() is called are written to STDERR\n"}
,{"stream_name":"stderr","time":15.945893066,"data":"E0000 00:00:1757933728.760192      13 cuda_dnn.cc:8310] Unable to register cuDNN factory: Attempting to register factory for plugin cuDNN when one has already been registered\n"}
,{"stream_name":"stderr","time":15.945896848,"data":"E0000 00:00:1757933728.824432      13 cuda_blas.cc:1418] Unable to register cuBLAS factory: Attempting to register factory for plugin cuBLAS when one has already been registered\n"}
,{"stream_name":"stderr","time":35.892430092,"data":"Traceback (most recent call last):\n"}
,{"stream_name":"stderr","time":35.892482425,"data":"  File \"\u003cstring\u003e\", line 1, in \u003cmodule\u003e\n"}
,{"stream_name":"stderr","time":35.892491873,"data":"  File \"/usr/local/lib/python3.11/dist-packages/papermill/execute.py\", line 131, in execute_notebook\n"}
,{"stream_name":"stderr","time":35.892716358,"data":"    raise_for_execution_errors(nb, output_path)\n"}
,{"stream_name":"stderr","time":35.892748498,"data":"  File \"/usr/local/lib/python3.11/dist-packages/papermill/execute.py\", line 251, in raise_for_execution_errors\n"}
,{"stream_name":"stderr","time":35.892916415,"data":"    raise error\n"}
,{"stream_name":"stderr","time":35.89330088,"data":"papermill.exceptions.PapermillExecutionError: \n"}
,{"stream_name":"stderr","time":35.893315683,"data":"---------------------------------------------------------------------------\n"}
,{"stream_name":"stderr","time":35.893320572,"data":"Exception encountered at \"In [1]\":\n"}
,{"stream_name":"stderr","time":35.893390741,"data":"---------------------------------------------------------------------------\n"}
,{"stream_name":"stderr","time":35.893398412,"data":"FileNotFoundError                         Traceback (most recent call last)\n"}
,{"stream_name":"stderr","time":35.893403872,"data":"/tmp/ipykernel_13/2078832647.py in \u003ccell line: 0\u003e()\n"}
,{"stream_name":"stderr","time":35.893408831,"data":"     22 \n"}
,{"stream_name":"stderr","time":35.893413395,"data":"     23 \n"}
,{"stream_name":"stderr","time":35.89341967,"data":"---\u003e 24 train_generator = train_datagen.flow_from_directory(\n"}
,{"stream_name":"stderr","time":35.893424009,"data":"     25     train_path,\n"}
,{"stream_name":"stderr","time":35.893427514,"data":"     26     target_size = (244,244),\n"}
,{"stream_name":"stderr","time":35.893430563,"data":"\n"}
,{"stream_name":"stderr","time":35.893434512,"data":"/usr/local/lib/python3.11/dist-packages/keras/src/legacy/preprocessing/image.py in flow_from_directory(self, directory, target_size, color_mode, classes, class_mode, batch_size, shuffle, seed, save_to_dir, save_prefix, save_format, follow_links, subset, interpolation, keep_aspect_ratio)\n"}
,{"stream_name":"stderr","time":35.89343938,"data":"   1136         keep_aspect_ratio=False,\n"}
,{"stream_name":"stderr","time":35.893442443,"data":"   1137     ):\n"}
,{"stream_name":"stderr","time":35.893445513,"data":"-\u003e 1138         return DirectoryIterator(\n"}
,{"stream_name":"stderr","time":35.893450161,"data":"   1139             directory,\n"}
,{"stream_name":"stderr","time":35.8934564,"data":"   1140             self,\n"}
,{"stream_name":"stderr","time":35.89346101,"data":"\n"}
,{"stream_name":"stderr","time":35.893465963,"data":"/usr/local/lib/python3.11/dist-packages/keras/src/legacy/preprocessing/image.py in __init__(self, directory, image_data_generator, target_size, color_mode, classes, class_mode, batch_size, shuffle, seed, data_format, save_to_dir, save_prefix, save_format, follow_links, subset, interpolation, keep_aspect_ratio, dtype)\n"}
,{"stream_name":"stderr","time":35.893472554,"data":"    451         if not classes:\n"}
,{"stream_name":"stderr","time":35.893477277,"data":"    452             classes = []\n"}
,{"stream_name":"stderr","time":35.893482231,"data":"--\u003e 453             for subdir in sorted(os.listdir(directory)):\n"}
,{"stream_name":"stderr","time":35.893486525,"data":"    454                 if os.path.isdir(os.path.join(directory, subdir)):\n"}
,{"stream_name":"stderr","time":35.893490675,"data":"    455                     classes.append(subdir)\n"}
,{"stream_name":"stderr","time":35.893494689,"data":"\n"}
,{"stream_name":"stderr","time":35.893498927,"data":"FileNotFoundError: [Errno 2] No such file or directory: '/kaggle/input/moredata/pnemonia2omg/chest_xray/train/'\n"}
,{"stream_name":"stderr","time":35.893503836,"data":"\n"}
,{"stream_name":"stderr","time":38.330787979,"data":"/usr/local/lib/python3.11/dist-packages/traitlets/traitlets.py:2915: FutureWarning: --Exporter.preprocessors=[\"remove_papermill_header.RemovePapermillHeader\"] for containers is deprecated in traitlets 5.0. You can pass `--Exporter.preprocessors item` ... multiple times to add items to a list.\n"}
,{"stream_name":"stderr","time":38.330846565,"data":"  warn(\n"}
,{"stream_name":"stderr","time":38.373098406,"data":"[NbConvertApp] Converting notebook __notebook__.ipynb to notebook\n"}
,{"stream_name":"stderr","time":38.745154103,"data":"[NbConvertApp] Writing 43940 bytes to __notebook__.ipynb\n"}
,{"stream_name":"stderr","time":40.388314675,"data":"/usr/local/lib/python3.11/dist-packages/traitlets/traitlets.py:2915: FutureWarning: --Exporter.preprocessors=[\"nbconvert.preprocessors.ExtractOutputPreprocessor\"] for containers is deprecated in traitlets 5.0. You can pass `--Exporter.preprocessors item` ... multiple times to add items to a list.\n"}
,{"stream_name":"stderr","time":40.388392245,"data":"  warn(\n"}
,{"stream_name":"stderr","time":40.420170024,"data":"[NbConvertApp] Converting notebook __notebook__.ipynb to html\n"}
,{"stream_name":"stderr","time":41.417181553,"data":"[NbConvertApp] Writing 370860 bytes to __results__.html\n"}
]